[29-Aug-2014 09:46:38] PHP Notice:  Undefined index: memberName in E:\git\yu\module\index\Index.php on line 21
[29-Aug-2014 09:46:42] PHP Notice:  Undefined index: memberName in E:\git\yu\module\index\Index.php on line 21
[29-Aug-2014 09:46:43] PHP Notice:  Undefined index: memberName in E:\git\yu\module\index\Index.php on line 21
[29-Aug-2014 09:46:44] PHP Notice:  Undefined index: memberName in E:\git\yu\module\index\Index.php on line 21
[29-Aug-2014 09:46:44] PHP Notice:  Undefined index: memberName in E:\git\yu\module\index\Index.php on line 21
[29-Aug-2014 09:46:45] PHP Notice:  Undefined index: memberName in E:\git\yu\module\index\Index.php on line 21
[29-Aug-2014 09:46:46] PHP Notice:  Undefined index: memberName in E:\git\yu\module\index\Index.php on line 21
[29-Aug-2014 09:46:46] PHP Notice:  Undefined index: memberName in E:\git\yu\module\index\Index.php on line 21
[29-Aug-2014 09:46:47] PHP Notice:  Undefined index: memberName in E:\git\yu\module\index\Index.php on line 21
[29-Aug-2014 09:48:20] PHP Notice:  Undefined index: memberName in E:\git\yu\module\index\Index.php on line 21
[29-Aug-2014 09:48:52] PHP Notice:  Undefined variable: memberName in E:\git\yu\module\index\Index.php on line 125
[29-Aug-2014 09:49:15] PHP Notice:  Undefined variable: memberName in E:\git\yu\module\index\Index.php on line 125
[29-Aug-2014 09:49:33] PHP Notice:  Undefined variable: memberName in E:\git\yu\module\index\Index.php on line 125
[29-Aug-2014 09:49:38] PHP Notice:  Undefined variable: memberName in E:\git\yu\module\index\Index.php on line 125
[29-Aug-2014 09:49:57] PHP Notice:  Undefined variable: day in E:\git\yu\module\index\Index.php on line 87
[29-Aug-2014 09:49:57] PHP Notice:  Undefined variable: nextDay in E:\git\yu\module\index\Index.php on line 87
[29-Aug-2014 09:49:57] PHP Notice:  Undefined variable: day in E:\git\yu\module\index\Index.php on line 115
[29-Aug-2014 09:49:57] PHP Notice:  Undefined variable: preDay in E:\git\yu\module\index\Index.php on line 116
[29-Aug-2014 09:49:57] PHP Notice:  Undefined variable: nextDay in E:\git\yu\module\index\Index.php on line 117
[29-Aug-2014 09:49:57] PHP Notice:  Undefined variable: memberIsadmin in E:\git\yu\module\index\Index.php on line 118
[29-Aug-2014 09:49:57] PHP Notice:  Undefined variable: memberName in E:\git\yu\module\index\Index.php on line 119
[29-Aug-2014 10:04:44] PHP Notice:  Undefined variable: day in E:\git\yu\model\meetingModel.php on line 27
[29-Aug-2014 10:04:44] PHP Notice:  Undefined variable: nextDay in E:\git\yu\model\meetingModel.php on line 27
